# JRE version: OpenJDK Runtime Environment 18.9 (11.0.16+8) (build 11.0.16+8)
# Java VM: OpenJDK 64-Bit Server VM 18.9 (11.0.16+8, mixed mode, tiered, compressed oops, g1 gc, windows-amd64)
Heap:
 garbage-first heap   total 191488K, used 88178K [0x0000000080000000, 0x0000000100000000)
  region size 1024K, 2 young (2048K), 2 survivors (2048K)
 Metaspace       used 86800K, capacity 89390K, committed 89468K, reserved 593920K
  class space    used 11146K, capacity 12205K, committed 12236K, reserved 516096K
GC Heap History (20 events):
Event: 92.971 GC heap after
{Heap after GC invocations=49 (full 0):
 garbage-first heap   total 95232K, used 79757K [0x0000000080000000, 0x0000000100000000)
  region size 1024K, 1 young (1024K), 1 survivors (1024K)
 Metaspace       used 83319K, capacity 85876K, committed 86012K, reserved 591872K
  class space    used 10830K, capacity 11812K, committed 11852K, reserved 516096K
}
Event: 93.024 GC heap before
{Heap before GC invocations=49 (full 0):
 garbage-first heap   total 95232K, used 82829K [0x0000000080000000, 0x0000000100000000)
  region size 1024K, 4 young (4096K), 1 survivors (1024K)
 Metaspace       used 83365K, capacity 85940K, committed 86012K, reserved 591872K
  class space    used 10830K, capacity 11812K, committed 11852K, reserved 516096K
}
Event: 93.028 GC heap after
{Heap after GC invocations=50 (full 0):
 garbage-first heap   total 95232K, used 80896K [0x0000000080000000, 0x0000000100000000)
  region size 1024K, 1 young (1024K), 1 survivors (1024K)
 Metaspace       used 83365K, capacity 85940K, committed 86012K, reserved 591872K
  class space    used 10830K, capacity 11812K, committed 11852K, reserved 516096K
}
Event: 93.208 GC heap before
{Heap before GC invocations=50 (full 0):
 garbage-first heap   total 95232K, used 83968K [0x0000000080000000, 0x0000000100000000)
  region size 1024K, 4 young (4096K), 1 survivors (1024K)
 Metaspace       used 83471K, capacity 85958K, committed 86012K, reserved 591872K
  class space    used 10842K, capacity 11818K, committed 11852K, reserved 516096K
}
Event: 93.214 GC heap after
{Heap after GC invocations=51 (full 0):
 garbage-first heap   total 95232K, used 81650K [0x0000000080000000, 0x0000000100000000)
  region size 1024K, 1 young (1024K), 1 survivors (1024K)
 Metaspace       used 83471K, capacity 85958K, committed 86012K, reserved 591872K
  class space    used 10842K, capacity 11818K, committed 11852K, reserved 516096K
}
Event: 93.311 GC heap before
{Heap before GC invocations=51 (full 0):
 garbage-first heap   total 95232K, used 84722K [0x0000000080000000, 0x0000000100000000)
  region size 1024K, 4 young (4096K), 1 survivors (1024K)
 Metaspace       used 83583K, capacity 86100K, committed 86268K, reserved 591872K
  class space    used 10852K, capacity 11822K, committed 11852K, reserved 516096K
}
Event: 93.316 GC heap after
{Heap after GC invocations=52 (full 0):
 garbage-first heap   total 95232K, used 82193K [0x0000000080000000, 0x0000000100000000)
  region size 1024K, 1 young (1024K), 1 survivors (1024K)
 Metaspace       used 83583K, capacity 86100K, committed 86268K, reserved 591872K
  class space    used 10852K, capacity 11822K, committed 11852K, reserved 516096K
}
Event: 93.401 GC heap before
{Heap before GC invocations=52 (full 0):
 garbage-first heap   total 95232K, used 85265K [0x0000000080000000, 0x0000000100000000)
  region size 1024K, 4 young (4096K), 1 survivors (1024K)
 Metaspace       used 83703K, capacity 86200K, committed 86396K, reserved 591872K
  class space    used 10860K, capacity 11855K, committed 11980K, reserved 516096K
}
Event: 93.405 GC heap after
{Heap after GC invocations=53 (full 0):
 garbage-first heap   total 95232K, used 83038K [0x0000000080000000, 0x0000000100000000)
  region size 1024K, 1 young (1024K), 1 survivors (1024K)
 Metaspace       used 83703K, capacity 86200K, committed 86396K, reserved 591872K
  class space    used 10860K, capacity 11855K, committed 11980K, reserved 516096K
}
Event: 93.478 GC heap before
{Heap before GC invocations=54 (full 0):
 garbage-first heap   total 95232K, used 86110K [0x0000000080000000, 0x0000000100000000)
  region size 1024K, 4 young (4096K), 1 survivors (1024K)
 Metaspace       used 83788K, capacity 86305K, committed 86652K, reserved 591872K
  class space    used 10873K, capacity 11869K, committed 11980K, reserved 516096K
}
Event: 93.486 GC heap after
{Heap after GC invocations=55 (full 0):
 garbage-first heap   total 95232K, used 83957K [0x0000000080000000, 0x0000000100000000)
  region size 1024K, 1 young (1024K), 1 survivors (1024K)
 Metaspace       used 83788K, capacity 86305K, committed 86652K, reserved 591872K
  class space    used 10873K, capacity 11869K, committed 11980K, reserved 516096K
}
Event: 93.519 GC heap before
{Heap before GC invocations=55 (full 0):
 garbage-first heap   total 95232K, used 87029K [0x0000000080000000, 0x0000000100000000)
  region size 1024K, 4 young (4096K), 1 survivors (1024K)
 Metaspace       used 83827K, capacity 86381K, committed 86652K, reserved 591872K
  class space    used 10875K, capacity 11872K, committed 11980K, reserved 516096K
}
Event: 93.526 GC heap after
{Heap after GC invocations=56 (full 0):
 garbage-first heap   total 119808K, used 84454K [0x0000000080000000, 0x0000000100000000)
  region size 1024K, 1 young (1024K), 1 survivors (1024K)
 Metaspace       used 83827K, capacity 86381K, committed 86652K, reserved 591872K
  class space    used 10875K, capacity 11872K, committed 11980K, reserved 516096K
}
Event: 93.743 GC heap before
{Heap before GC invocations=56 (full 0):
 garbage-first heap   total 119808K, used 92646K [0x0000000080000000, 0x0000000100000000)
  region size 1024K, 9 young (9216K), 1 survivors (1024K)
 Metaspace       used 84064K, capacity 86579K, committed 86908K, reserved 591872K
  class space    used 10880K, capacity 11872K, committed 11980K, reserved 516096K
}
Event: 93.750 GC heap after
{Heap after GC invocations=57 (full 0):
 garbage-first heap   total 119808K, used 85619K [0x0000000080000000, 0x0000000100000000)
  region size 1024K, 2 young (2048K), 2 survivors (2048K)
 Metaspace       used 84064K, capacity 86579K, committed 86908K, reserved 591872K
  class space    used 10880K, capacity 11872K, committed 11980K, reserved 516096K
}
Event: 94.502 GC heap before
{Heap before GC invocations=58 (full 0):
 garbage-first heap   total 119808K, used 93811K [0x0000000080000000, 0x0000000100000000)
  region size 1024K, 10 young (10240K), 2 survivors (2048K)
 Metaspace       used 85799K, capacity 88353K, committed 88572K, reserved 593920K
  class space    used 11083K, capacity 12081K, committed 12108K, reserved 516096K
}
Event: 94.514 GC heap after
{Heap after GC invocations=59 (full 0):
 garbage-first heap   total 119808K, used 87116K [0x0000000080000000, 0x0000000100000000)
  region size 1024K, 2 young (2048K), 2 survivors (2048K)
 Metaspace       used 85799K, capacity 88353K, committed 88572K, reserved 593920K
  class space    used 11083K, capacity 12081K, committed 12108K, reserved 516096K
}
Event: 95.615 GC heap before
{Heap before GC invocations=59 (full 0):
 garbage-first heap   total 119808K, used 95308K [0x0000000080000000, 0x0000000100000000)
  region size 1024K, 10 young (10240K), 2 survivors (2048K)
 Metaspace       used 86155K, capacity 88721K, committed 88956K, reserved 593920K
  class space    used 11106K, capacity 12134K, committed 12236K, reserved 516096K
}
Event: 95.625 GC heap after
{Heap after GC invocations=60 (full 0):
 garbage-first heap   total 119808K, used 87505K [0x0000000080000000, 0x0000000100000000)
  region size 1024K, 1 young (1024K), 1 survivors (1024K)
 Metaspace       used 86155K, capacity 88721K, committed 88956K, reserved 593920K
  class space    used 11106K, capacity 12134K, committed 12236K, reserved 516096K
}
Event: 96.998 GC heap before
{Heap before GC invocations=61 (full 0):
 garbage-first heap   total 119808K, used 96721K [0x0000000080000000, 0x0000000100000000)
  region size 1024K, 10 young (10240K), 1 survivors (1024K)
 Metaspace       used 86800K, capacity 89390K, committed 89468K, reserved 593920K
  class space    used 11146K, capacity 12205K, committed 12236K, reserved 516096K
}

